********************************************************************************
product = Open Liberty 20.0.0.11 (wlp-1.0.46.cl201120201014-1215)
wlp.install.dir = C:/Studia/Semestr7/NJEE/NJEE_Lab2/lab2/target/liberty/wlp/
java.home = C:\Program Files\Java\jdk-11.0.8
java.version = 11.0.8
java.runtime = Java(TM) SE Runtime Environment (11.0.8+10-LTS)
os = Windows 10 (10.0; amd64) (pl_PL)
process = 16704@DESKTOP-KMGPD7L
********************************************************************************
[05.11.2020, 22:18:36:592 CET] 00000001 com.ibm.ws.kernel.launch.internal.FrameworkManager           A CWWKE0001I: Serwer defaultServer zosta³ uruchomiony.
[05.11.2020, 22:18:37:564 CET] 00000001 com.ibm.ws.kernel.launch.internal.FrameworkManager           I CWWKE0002I: J¹dro zosta³o uruchomione po 12,516 sek. s
[05.11.2020, 22:18:37:589 CET] 00000022 com.ibm.ws.kernel.feature.internal.FeatureManager            I CWWKF0007I: Uruchomiono aktualizacjê sk³adnika.
[05.11.2020, 22:18:37:729 CET] 00000019 .apache.cxf.cxf.core.3.2:1.0.46.cl201120201014-1215(id=142)] I Aries Blueprint packages not available. So namespaces will not be registered
[05.11.2020, 22:18:37:840 CET] 00000017 com.ibm.ws.app.manager.internal.monitor.DropinMonitor        A CWWKZ0058I: Monitorowanie aplikacji w katalogu dropins.
[05.11.2020, 22:18:43:641 CET] 0000002e com.ibm.ws.app.manager.AppMessageHelper                      I CWWKZ0018I: Uruchamianie aplikacji Lab3-1.0-SNAPSHOT.
[05.11.2020, 22:18:43:642 CET] 0000002e bm.ws.app.manager.war.internal.WARDeployedAppInfoFactoryImpl I CWWKZ0134I: Aplikacja Lab3-1.0-SNAPSHOT u¿ywa luŸnej definicji aplikacji w po³o¿eniu C:\Studia\Semestr7\NJEE\NJEE_Lab2\lab2\target\liberty\wlp\usr\servers\defaultServer\dropins\Lab3-1.0-SNAPSHOT.war.xml.
[05.11.2020, 22:18:44:077 CET] 0000002e com.ibm.ws.session.WASSessionCore                            I SESN8501I: Mened¿er sesji nie znalaz³ po³o¿enia trwa³ej pamiêci masowej. Obiekty HttpSession bêd¹ zapisywane w pamiêci lokalnego serwera aplikacji.
[05.11.2020, 22:18:44:117 CET] 0000002e org.jboss.weld.Version                                       I WELD-000900: 3.1.4 (Final)
[05.11.2020, 22:18:44:743 CET] 0000002e org.jboss.weld.Event                                         I WELD-000411: Observer method [BackedAnnotatedMethod] org.apache.myfaces.config.annotation.CdiAnnotationProviderExtension.processAnnotatedType(@Observes ProcessAnnotatedType<T>) receives events for all annotated types. Consider restricting events using @WithAnnotations or a generic type with bounds.
[05.11.2020, 22:18:44:760 CET] 0000002e org.jboss.weld.Event                                         I WELD-000411: Observer method [BackedAnnotatedMethod] org.apache.myfaces.cdi.JsfArtifactProducerExtension.processAnnotatedType(@Observes ProcessAnnotatedType<T>, BeanManager) receives events for all annotated types. Consider restricting events using @WithAnnotations or a generic type with bounds.
[05.11.2020, 22:18:45:141 CET] 0000002e com.ibm.ws.webcontainer.osgi.webapp.WebGroup                 I SRVE0169I: £adowanie modu³u WWW: Lab3-1.0-SNAPSHOT.
[05.11.2020, 22:18:45:144 CET] 0000002e com.ibm.ws.webcontainer                                      I SRVE0250I: Modu³ WWW Lab3-1.0-SNAPSHOT zosta³ powi¹zany z hostem wirtualnym default_host.
[05.11.2020, 22:18:45:146 CET] 0000002e com.ibm.ws.http.internal.VirtualHostImpl                     A CWWKT0016I: Dostêpna aplikacja WWW (default_host): http://localhost:9080/lab3/
[05.11.2020, 22:18:45:170 CET] 00000035 com.ibm.ws.session.WASSessionCore                            I SESN0176I: W odniesieniu do klucza aplikacji default_host/lab3 zostanie utworzony nowy kontekst sesji.
[05.11.2020, 22:18:45:180 CET] 00000035 com.ibm.ws.util                                              I SESN0172I: Mened¿er sesji korzysta przy generowaniu identyfikatora sesji z domyœlnej implementacji klasy SecureRandom jêzyka Java.
[05.11.2020, 22:18:45:182 CET] 00000032 com.ibm.ws.webcontainer.osgi.mbeans.PluginGenerator          I SRVE9103I: Automatycznie wygenerowano plik konfiguracyjny wtyczki serwera WWW dla tego serwera w katalogu C:\Studia\Semestr7\NJEE\NJEE_Lab2\lab2\target\liberty\wlp\usr\servers\defaultServer\logs\state\plugin-cfg.xml.
[05.11.2020, 22:18:45:306 CET] 00000035 org.apache.myfaces.ee.MyFacesContainerInitializer            I Using org.apache.myfaces.ee.MyFacesContainerInitializer
[05.11.2020, 22:18:45:560 CET] 00000035 org.apache.myfaces.config.DefaultFacesConfigurationProvider  I Reading standard config META-INF/standard-faces-config.xml
[05.11.2020, 22:18:45:761 CET] 00000035 org.apache.myfaces.config.DefaultFacesConfigurationProvider  I Found javax.faces.application.ApplicationFactory factory implementation: com.ibm.ws.jsf.config.WASApplicationFactoryImpl
[05.11.2020, 22:18:45:858 CET] 00000035 org.apache.myfaces.spi.impl.DefaultInjectionProviderFactory  I Using InjectionProvider com.ibm.ws.jsf.spi.impl.WASCDIAnnotationDelegateInjectionProvider
[05.11.2020, 22:18:45:937 CET] 00000035 org.apache.myfaces.util.ExternalSpecifications               I MyFaces CDI support enabled
[05.11.2020, 22:18:45:942 CET] 00000035 org.apache.myfaces.util.ExternalSpecifications               I MyFaces Bean Validation support disabled
[05.11.2020, 22:18:46:402 CET] 00000035 org.apache.myfaces.config.FacesConfigurator                  I Serialization provider : class org.apache.myfaces.shared_impl.util.serial.DefaultSerialFactory
[05.11.2020, 22:18:46:471 CET] 00000035 org.apache.myfaces.webapp.AbstractFacesInitializer           I ServletContext initialized.
[05.11.2020, 22:18:46:474 CET] 00000035 org.apache.myfaces.webapp.WebConfigParamsLogger              I Tomahawk jar not available. Autoscrolling, DetectJavascript, AddResourceClass and CheckExtensionsFilter are disabled now.
[05.11.2020, 22:18:46:474 CET] 00000035 org.apache.myfaces.webapp.WebConfigParamsLogger              I Scanning for context init parameters not defined. It is not necessary to define them all into your web.xml, they are just provided here for informative purposes. To disable this messages set org.apache.myfaces.LOG_WEB_CONTEXT_PARAMS config param to 'false'
[05.11.2020, 22:18:46:475 CET] 00000035 org.apache.myfaces.webapp.WebConfigParamsLogger              I No context init parameter 'javax.faces.RESOURCE_EXCLUDES' found, using default value '.class .jsp .jspx .properties .xhtml .groovy'.
[05.11.2020, 22:18:46:475 CET] 00000035 org.apache.myfaces.webapp.WebConfigParamsLogger              I No context init parameter 'javax.faces.STATE_SAVING_METHOD' found, using default value 'server'.
[05.11.2020, 22:18:46:475 CET] 00000035 org.apache.myfaces.webapp.WebConfigParamsLogger              I No context init parameter 'javax.faces.FULL_STATE_SAVING_VIEW_IDS' found.
[05.11.2020, 22:18:46:475 CET] 00000035 org.apache.myfaces.webapp.WebConfigParamsLogger              I No context init parameter 'javax.faces.PARTIAL_STATE_SAVING' found, using default value 'true (false with 1.2 webapps)'.
[05.11.2020, 22:18:46:475 CET] 00000035 org.apache.myfaces.webapp.WebConfigParamsLogger              I No context init parameter 'javax.faces.SERIALIZE_SERVER_STATE' found, using default value 'false'.
[05.11.2020, 22:18:46:476 CET] 00000035 org.apache.myfaces.webapp.WebConfigParamsLogger              I No context init parameter 'javax.faces.DEFAULT_SUFFIX' found, using default value '.xhtml .view.xml .jsp'.
[05.11.2020, 22:18:46:476 CET] 00000035 org.apache.myfaces.webapp.WebConfigParamsLogger              I No context init parameter 'javax.faces.FACELETS_SUFFIX' found, using default value '.xhtml'.
[05.11.2020, 22:18:46:476 CET] 00000035 org.apache.myfaces.webapp.WebConfigParamsLogger              I No context init parameter 'javax.faces.FACELETS_VIEW_MAPPINGS' found.
[05.11.2020, 22:18:46:476 CET] 00000035 org.apache.myfaces.webapp.WebConfigParamsLogger              I No context init parameter 'javax.faces.DISABLE_FACELET_JSF_VIEWHANDLER' found.
[05.11.2020, 22:18:46:476 CET] 00000035 org.apache.myfaces.webapp.WebConfigParamsLogger              I No context init parameter 'javax.faces.FACELETS_BUFFER_SIZE' found, using default value '1024'.
[05.11.2020, 22:18:46:476 CET] 00000035 org.apache.myfaces.webapp.WebConfigParamsLogger              I No context init parameter 'javax.faces.FACELETS_DECORATORS' found.
[05.11.2020, 22:18:46:477 CET] 00000035 org.apache.myfaces.webapp.WebConfigParamsLogger              I No context init parameter 'javax.faces.FACELETS_LIBRARIES' found.
[05.11.2020, 22:18:46:477 CET] 00000035 org.apache.myfaces.webapp.WebConfigParamsLogger              I No context init parameter 'javax.faces.FACELETS_REFRESH_PERIOD' found, using default value '-1'.
[05.11.2020, 22:18:46:477 CET] 00000035 org.apache.myfaces.webapp.WebConfigParamsLogger              I No context init parameter 'javax.faces.FACELETS_SKIP_COMMENTS' found.
[05.11.2020, 22:18:46:477 CET] 00000035 org.apache.myfaces.webapp.WebConfigParamsLogger              I No context init parameter 'javax.faces.HONOR_CURRENT_COMPONENT_ATTRIBUTES' found, using default value 'false'.
[05.11.2020, 22:18:46:477 CET] 00000035 org.apache.myfaces.webapp.WebConfigParamsLogger              I No context init parameter 'javax.faces.VALIDATE_EMPTY_FIELDS' found, using default value 'auto'.
[05.11.2020, 22:18:46:477 CET] 00000035 org.apache.myfaces.webapp.WebConfigParamsLogger              I No context init parameter 'javax.faces.INTERPRET_EMPTY_STRING_SUBMITTED_VALUES_AS_NULL' found, using default value 'false'.
[05.11.2020, 22:18:46:478 CET] 00000035 org.apache.myfaces.webapp.WebConfigParamsLogger              I No context init parameter 'org.apache.myfaces.CLEAR_INPUT_WHEN_SUBMITTED_VALUE_IS_NULL_OR_EMPTY' found, using default value 'true'.
[05.11.2020, 22:18:46:478 CET] 00000035 org.apache.myfaces.webapp.WebConfigParamsLogger              I No context init parameter 'javax.faces.ALWAYS_PERFORM_VALIDATION_WHEN_REQUIRED_IS_TRUE' found, using default value 'false'.
[05.11.2020, 22:18:46:478 CET] 00000035 org.apache.myfaces.webapp.WebConfigParamsLogger              I No context init parameter 'javax.faces.VIEWROOT_PHASE_LISTENER_QUEUES_EXCEPTIONS' found, using default value 'false'.
[05.11.2020, 22:18:46:479 CET] 00000035 org.apache.myfaces.webapp.WebConfigParamsLogger              I No context init parameter 'javax.faces.DATETIMECONVERTER_DEFAULT_TIMEZONE_IS_SYSTEM_TIMEZONE' found, using default value 'false'.
[05.11.2020, 22:18:46:479 CET] 00000035 org.apache.myfaces.webapp.WebConfigParamsLogger              I No context init parameter 'org.apache.myfaces.ENUM_CONVERTER_ALLOW_STRING_PASSTROUGH' found, using default value 'false'.
[05.11.2020, 22:18:46:479 CET] 00000035 org.apache.myfaces.webapp.WebConfigParamsLogger              I No context init parameter 'javax.faces.validator.DISABLE_DEFAULT_BEAN_VALIDATOR' found, using default value 'true'.
[05.11.2020, 22:18:46:479 CET] 00000035 org.apache.myfaces.webapp.WebConfigParamsLogger              I No context init parameter 'javax.faces.validator.ENABLE_VALIDATE_WHOLE_BEAN' found, using default value 'false'.
[05.11.2020, 22:18:46:479 CET] 00000035 org.apache.myfaces.webapp.WebConfigParamsLogger              I No context init parameter 'javax.faces.CONFIG_FILES' found.
[05.11.2020, 22:18:46:479 CET] 00000035 org.apache.myfaces.webapp.WebConfigParamsLogger              I No context init parameter 'javax.faces.LIFECYCLE_ID' found.
[05.11.2020, 22:18:46:480 CET] 00000035 org.apache.myfaces.webapp.WebConfigParamsLogger              I No context init parameter 'javax.faces.DISABLE_FACESSERVLET_TO_XHTML' found.
[05.11.2020, 22:18:46:480 CET] 00000035 org.apache.myfaces.webapp.WebConfigParamsLogger              I No context init parameter 'org.apache.myfaces.CHECKED_VIEWID_CACHE_SIZE' found, using default value '500'.
[05.11.2020, 22:18:46:480 CET] 00000035 org.apache.myfaces.webapp.WebConfigParamsLogger              I No context init parameter 'org.apache.myfaces.CHECKED_VIEWID_CACHE_ENABLED' found, using default value 'true'.
[05.11.2020, 22:18:46:480 CET] 00000035 org.apache.myfaces.webapp.WebConfigParamsLogger              I No context init parameter 'org.apache.myfaces.PRETTY_HTML' found, using default value 'true'.
[05.11.2020, 22:18:46:480 CET] 00000035 org.apache.myfaces.webapp.WebConfigParamsLogger              I No context init parameter 'org.apache.myfaces.ALLOW_JAVASCRIPT' found, using default value 'true'.
[05.11.2020, 22:18:46:480 CET] 00000035 org.apache.myfaces.webapp.WebConfigParamsLogger              I No context init parameter 'org.apache.myfaces.CONFIG_REFRESH_PERIOD' found, using default value '2'.
[05.11.2020, 22:18:46:481 CET] 00000035 org.apache.myfaces.webapp.WebConfigParamsLogger              I No context init parameter 'org.apache.myfaces.VIEWSTATE_JAVASCRIPT' found, using default value 'false'.
[05.11.2020, 22:18:46:481 CET] 00000035 org.apache.myfaces.webapp.WebConfigParamsLogger              I No context init parameter 'org.apache.myfaces.RENDER_VIEWSTATE_ID' found, using default value 'true'.
[05.11.2020, 22:18:46:481 CET] 00000035 org.apache.myfaces.webapp.WebConfigParamsLogger              I No context init parameter 'org.apache.myfaces.STRICT_XHTML_LINKS' found, using default value 'true'.
[05.11.2020, 22:18:46:481 CET] 00000035 org.apache.myfaces.webapp.WebConfigParamsLogger              I No context init parameter 'org.apache.myfaces.RENDER_CLEAR_JAVASCRIPT_FOR_BUTTON' found, using default value 'false'.
[05.11.2020, 22:18:46:481 CET] 00000035 org.apache.myfaces.webapp.WebConfigParamsLogger              I No context init parameter 'org.apache.myfaces.RENDER_HIDDEN_FIELDS_FOR_LINK_PARAMS' found, using default value 'false'.
[05.11.2020, 22:18:46:481 CET] 00000035 org.apache.myfaces.webapp.WebConfigParamsLogger              I No context init parameter 'org.apache.myfaces.SAVE_FORM_SUBMIT_LINK_IE' found, using default value 'false'.
[05.11.2020, 22:18:46:482 CET] 00000035 org.apache.myfaces.webapp.WebConfigParamsLogger              I No context init parameter 'org.apache.myfaces.DELEGATE_FACES_SERVLET' found.
[05.11.2020, 22:18:46:482 CET] 00000035 org.apache.myfaces.webapp.WebConfigParamsLogger              I No context init parameter 'org.apache.myfaces.REFRESH_TRANSIENT_BUILD_ON_PSS' found, using default value 'auto'.
[05.11.2020, 22:18:46:482 CET] 00000035 org.apache.myfaces.webapp.WebConfigParamsLogger              I No context init parameter 'org.apache.myfaces.REFRESH_TRANSIENT_BUILD_ON_PSS_PRESERVE_STATE' found, using default value 'false'.
[05.11.2020, 22:18:46:482 CET] 00000035 org.apache.myfaces.webapp.WebConfigParamsLogger              I No context init parameter 'org.apache.myfaces.VALIDATE_XML' found.
[05.11.2020, 22:18:46:482 CET] 00000035 org.apache.myfaces.webapp.WebConfigParamsLogger              I No context init parameter 'org.apache.myfaces.WRAP_SCRIPT_CONTENT_WITH_XML_COMMENT_TAG' found, using default value 'false'.
[05.11.2020, 22:18:46:482 CET] 00000035 org.apache.myfaces.webapp.WebConfigParamsLogger              I No context init parameter 'org.apache.myfaces.RENDER_FORM_SUBMIT_SCRIPT_INLINE' found, using default value 'false'.
[05.11.2020, 22:18:46:482 CET] 00000035 org.apache.myfaces.webapp.WebConfigParamsLogger              I No context init parameter 'org.apache.myfaces.DEBUG_PHASE_LISTENER' found.
[05.11.2020, 22:18:46:483 CET] 00000035 org.apache.myfaces.webapp.WebConfigParamsLogger              I No context init parameter 'org.apache.myfaces.STRICT_JSF_2_CC_EL_RESOLVER' found, using default value 'false'.
[05.11.2020, 22:18:46:483 CET] 00000035 org.apache.myfaces.webapp.WebConfigParamsLogger              I No context init parameter 'org.apache.myfaces.DEFAULT_RESPONSE_WRITER_CONTENT_TYPE_MODE' found, using default value 'text/html'.
[05.11.2020, 22:18:46:483 CET] 00000035 org.apache.myfaces.webapp.WebConfigParamsLogger              I No context init parameter 'org.apache.myfaces.VIEW_UNIQUE_IDS_CACHE_ENABLED' found, using default value 'true'.
[05.11.2020, 22:18:46:483 CET] 00000035 org.apache.myfaces.webapp.WebConfigParamsLogger              I No context init parameter 'org.apache.myfaces.COMPONENT_UNIQUE_IDS_CACHE_SIZE' found, using default value '100'.
[05.11.2020, 22:18:46:483 CET] 00000035 org.apache.myfaces.webapp.WebConfigParamsLogger              I No context init parameter 'org.apache.myfaces.SUPPORT_JSP_AND_FACES_EL' found, using default value 'true'.
[05.11.2020, 22:18:46:483 CET] 00000035 org.apache.myfaces.webapp.WebConfigParamsLogger              I No context init parameter 'org.apache.myfaces.SUPPORT_MANAGED_BEANS' found, using default value 'true'.
[05.11.2020, 22:18:46:483 CET] 00000035 org.apache.myfaces.webapp.WebConfigParamsLogger              I No context init parameter 'org.apache.myfaces.GAE_JSF_JAR_FILES' found.
[05.11.2020, 22:18:46:484 CET] 00000035 org.apache.myfaces.webapp.WebConfigParamsLogger              I No context init parameter 'org.apache.myfaces.GAE_JSF_ANNOTATIONS_JAR_FILES' found.
[05.11.2020, 22:18:46:484 CET] 00000035 org.apache.myfaces.webapp.WebConfigParamsLogger              I No context init parameter 'org.apache.myfaces.STRICT_JSF_2_VIEW_NOT_FOUND' found, using default value 'false'.
[05.11.2020, 22:18:46:484 CET] 00000035 org.apache.myfaces.webapp.WebConfigParamsLogger              I No context init parameter 'org.apache.myfaces.EARLY_FLUSH_ENABLED' found, using default value 'false'.
[05.11.2020, 22:18:46:484 CET] 00000035 org.apache.myfaces.webapp.WebConfigParamsLogger              I No context init parameter 'org.apache.myfaces.STRICT_JSF_2_FACELETS_COMPATIBILITY' found, using default value 'false'.
[05.11.2020, 22:18:46:484 CET] 00000035 org.apache.myfaces.webapp.WebConfigParamsLogger              I No context init parameter 'org.apache.myfaces.RENDER_FORM_VIEW_STATE_AT_BEGIN' found, using default value 'false'.
[05.11.2020, 22:18:46:484 CET] 00000035 org.apache.myfaces.webapp.WebConfigParamsLogger              I No context init parameter 'org.apache.myfaces.FLASH_SCOPE_DISABLED' found, using default value 'false'.
[05.11.2020, 22:18:46:484 CET] 00000035 org.apache.myfaces.webapp.WebConfigParamsLogger              I No context init parameter 'org.apache.myfaces.NUMBER_OF_VIEWS_IN_SESSION' found, using default value '20'.
[05.11.2020, 22:18:46:485 CET] 00000035 org.apache.myfaces.webapp.WebConfigParamsLogger              I No context init parameter 'org.apache.myfaces.NUMBER_OF_SEQUENTIAL_VIEWS_IN_SESSION' found, using default value '4'.
[05.11.2020, 22:18:46:485 CET] 00000035 org.apache.myfaces.webapp.WebConfigParamsLogger              I No context init parameter 'org.apache.myfaces.NUMBER_OF_FLASH_TOKENS_IN_SESSION' found.
[05.11.2020, 22:18:46:485 CET] 00000035 org.apache.myfaces.webapp.WebConfigParamsLogger              I No context init parameter 'org.apache.myfaces.FACES_FLOW_CLIENT_WINDOW_IDS_IN_SESSION' found.
[05.11.2020, 22:18:46:485 CET] 00000035 org.apache.myfaces.webapp.WebConfigParamsLogger              I No context init parameter 'org.apache.myfaces.SUPPORT_EL_3_IMPORT_HANDLER' found, using default value 'false'.
[05.11.2020, 22:18:46:485 CET] 00000035 org.apache.myfaces.webapp.WebConfigParamsLogger              I No context init parameter 'org.apache.myfaces.STRICT_JSF_2_ORIGIN_HEADER_APP_PATH' found, using default value 'false'.
[05.11.2020, 22:18:46:485 CET] 00000035 org.apache.myfaces.webapp.WebConfigParamsLogger              I No context init parameter 'org.apache.myfaces.ALWAYS_FORCE_SESSION_CREATION' found, using default value 'true'.
[05.11.2020, 22:18:46:485 CET] 00000035 org.apache.myfaces.webapp.WebConfigParamsLogger              I No context init parameter 'org.apache.myfaces.RESOURCE_MAX_TIME_EXPIRES' found, using default value '604800000'.
[05.11.2020, 22:18:46:485 CET] 00000035 org.apache.myfaces.webapp.WebConfigParamsLogger              I No context init parameter 'org.apache.myfaces.RESOURCE_HANDLER_CACHE_SIZE' found, using default value '500'.
[05.11.2020, 22:18:46:486 CET] 00000035 org.apache.myfaces.webapp.WebConfigParamsLogger              I No context init parameter 'org.apache.myfaces.RESOURCE_HANDLER_CACHE_ENABLED' found, using default value 'true'.
[05.11.2020, 22:18:46:486 CET] 00000035 org.apache.myfaces.webapp.WebConfigParamsLogger              I No context init parameter 'org.apache.myfaces.USE_ENCRYPTION' found, using default value 'true'.
[05.11.2020, 22:18:46:486 CET] 00000035 org.apache.myfaces.webapp.WebConfigParamsLogger              I No context init parameter 'org.apache.myfaces.SECRET' found.
[05.11.2020, 22:18:46:486 CET] 00000035 org.apache.myfaces.webapp.WebConfigParamsLogger              I No context init parameter 'org.apache.myfaces.ALGORITHM' found, using default value 'DES'.
[05.11.2020, 22:18:46:486 CET] 00000035 org.apache.myfaces.webapp.WebConfigParamsLogger              I No context init parameter 'org.apache.myfaces.SECRET.CACHE' found.
[05.11.2020, 22:18:46:486 CET] 00000035 org.apache.myfaces.webapp.WebConfigParamsLogger              I No context init parameter 'org.apache.myfaces.ALGORITHM.IV' found.
[05.11.2020, 22:18:46:487 CET] 00000035 org.apache.myfaces.webapp.WebConfigParamsLogger              I No context init parameter 'org.apache.myfaces.ALGORITHM.PARAMETERS' found, using default value 'ECB/PKCS5Padding'.
[05.11.2020, 22:18:46:487 CET] 00000035 org.apache.myfaces.webapp.WebConfigParamsLogger              I No context init parameter 'org.apache.myfaces.SERIAL_FACTORY' found.
[05.11.2020, 22:18:46:487 CET] 00000035 org.apache.myfaces.webapp.WebConfigParamsLogger              I No context init parameter 'org.apache.myfaces.COMPRESS_STATE_IN_CLIENT' found, using default value 'false'.
[05.11.2020, 22:18:46:487 CET] 00000035 org.apache.myfaces.webapp.WebConfigParamsLogger              I No context init parameter 'org.apache.myfaces.MAC_ALGORITHM' found, using default value 'HmacSHA1'.
[05.11.2020, 22:18:46:487 CET] 00000035 org.apache.myfaces.webapp.WebConfigParamsLogger              I No context init parameter 'org.apache.myfaces.MAC_SECRET' found.
[05.11.2020, 22:18:46:487 CET] 00000035 org.apache.myfaces.webapp.WebConfigParamsLogger              I No context init parameter 'org.apache.myfaces.MAC_SECRET.CACHE' found.
[05.11.2020, 22:18:46:488 CET] 00000035 org.apache.myfaces.webapp.WebConfigParamsLogger              I No context init parameter 'org.apache.myfaces.LAZY_LOAD_CONFIG_OBJECTS' found, using default value 'true'.
[05.11.2020, 22:18:46:488 CET] 00000035 org.apache.myfaces.webapp.WebConfigParamsLogger              I No context init parameter 'org.apache.myfaces.STRICT_JSF_2_ALLOW_SLASH_LIBRARY_NAME' found, using default value 'false'.
[05.11.2020, 22:18:46:488 CET] 00000035 org.apache.myfaces.webapp.WebConfigParamsLogger              I No context init parameter 'org.apache.myfaces.RESOURCE_BUFFER_SIZE' found, using default value '2048'.
[05.11.2020, 22:18:46:488 CET] 00000035 org.apache.myfaces.webapp.WebConfigParamsLogger              I No context init parameter 'org.apache.myfaces.RANDOM_KEY_IN_CSRF_SESSION_TOKEN' found, using default value 'none'.
[05.11.2020, 22:18:46:489 CET] 00000035 org.apache.myfaces.webapp.WebConfigParamsLogger              I No context init parameter 'org.apache.myfaces.RANDOM_KEY_IN_CSRF_SESSION_TOKEN_LENGTH' found, using default value '16'.
[05.11.2020, 22:18:46:489 CET] 00000035 org.apache.myfaces.webapp.WebConfigParamsLogger              I No context init parameter 'org.apache.myfaces.RANDOM_KEY_IN_CSRF_SESSION_TOKEN_SECURE_RANDOM_CLASS' found.
[05.11.2020, 22:18:46:489 CET] 00000035 org.apache.myfaces.webapp.WebConfigParamsLogger              I No context init parameter 'org.apache.myfaces.RANDOM_KEY_IN_CSRF_SESSION_TOKEN_SECURE_RANDOM_PROVIDER' found.
[05.11.2020, 22:18:46:489 CET] 00000035 org.apache.myfaces.webapp.WebConfigParamsLogger              I No context init parameter 'org.apache.myfaces.RANDOM_KEY_IN_CSRF_SESSION_TOKEN_SECURE_RANDOM_ALGORITM' found, using default value 'SHA1PRNG'.
[05.11.2020, 22:18:46:489 CET] 00000035 org.apache.myfaces.webapp.WebConfigParamsLogger              I No context init parameter 'org.apache.myfaces.CLIENT_VIEW_STATE_TIMEOUT' found, using default value '0'.
[05.11.2020, 22:18:46:489 CET] 00000035 org.apache.myfaces.webapp.WebConfigParamsLogger              I No context init parameter 'org.apache.myfaces.SERIALIZE_STATE_IN_SESSION' found, using default value 'false'.
[05.11.2020, 22:18:46:490 CET] 00000035 org.apache.myfaces.webapp.WebConfigParamsLogger              I No context init parameter 'org.apache.myfaces.COMPRESS_STATE_IN_SESSION' found, using default value 'true'.
[05.11.2020, 22:18:46:490 CET] 00000035 org.apache.myfaces.webapp.WebConfigParamsLogger              I No context init parameter 'org.apache.myfaces.USE_FLASH_SCOPE_PURGE_VIEWS_IN_SESSION' found, using default value 'false'.
[05.11.2020, 22:18:46:490 CET] 00000035 org.apache.myfaces.webapp.WebConfigParamsLogger              I No context init parameter 'org.apache.myfaces.RANDOM_KEY_IN_VIEW_STATE_SESSION_TOKEN' found, using default value 'random'.
[05.11.2020, 22:18:46:490 CET] 00000035 org.apache.myfaces.webapp.WebConfigParamsLogger              I No context init parameter 'org.apache.myfaces.RANDOM_KEY_IN_VIEW_STATE_SESSION_TOKEN_LENGTH' found, using default value '8'.
[05.11.2020, 22:18:46:490 CET] 00000035 org.apache.myfaces.webapp.WebConfigParamsLogger              I No context init parameter 'org.apache.myfaces.RANDOM_KEY_IN_VIEW_STATE_SESSION_TOKEN_SECURE_RANDOM_CLASS' found.
[05.11.2020, 22:18:46:490 CET] 00000035 org.apache.myfaces.webapp.WebConfigParamsLogger              I No context init parameter 'org.apache.myfaces.RANDOM_KEY_IN_VIEW_STATE_SESSION_TOKEN_SECURE_RANDOM_PROVIDER' found.
[05.11.2020, 22:18:46:490 CET] 00000035 org.apache.myfaces.webapp.WebConfigParamsLogger              I No context init parameter 'org.apache.myfaces.RANDOM_KEY_IN_VIEW_STATE_SESSION_TOKEN_SECURE_RANDOM_ALGORITM' found, using default value 'SHA1PRNG'.
[05.11.2020, 22:18:46:491 CET] 00000035 org.apache.myfaces.webapp.WebConfigParamsLogger              I No context init parameter 'facelets.LIBRARIES' found.
[05.11.2020, 22:18:46:491 CET] 00000035 org.apache.myfaces.webapp.WebConfigParamsLogger              I No context init parameter 'org.apache.myfaces.VALIDATE' found, using default value 'false'.
[05.11.2020, 22:18:46:491 CET] 00000035 org.apache.myfaces.webapp.WebConfigParamsLogger              I No context init parameter 'org.apache.myfaces.annotation.USE_CDI_FOR_ANNOTATION_SCANNING' found.
[05.11.2020, 22:18:46:491 CET] 00000035 org.apache.myfaces.webapp.WebConfigParamsLogger              I No context init parameter 'org.apache.myfaces.annotation.SCAN_PACKAGES' found.
[05.11.2020, 22:18:46:491 CET] 00000035 org.apache.myfaces.webapp.WebConfigParamsLogger              I No context init parameter 'org.apache.myfaces.config.annotation.LifecycleProvider' found.
[05.11.2020, 22:18:46:492 CET] 00000035 org.apache.myfaces.webapp.WebConfigParamsLogger              I No context init parameter 'javax.faces.WEBSOCKET_ENDPOINT_PORT' found.
[05.11.2020, 22:18:46:492 CET] 00000035 org.apache.myfaces.webapp.WebConfigParamsLogger              I No context init parameter 'org.apache.myfaces.INITIALIZE_SKIP_JAR_FACES_CONFIG_SCAN' found, using default value 'false'.
[05.11.2020, 22:18:46:492 CET] 00000035 org.apache.myfaces.webapp.WebConfigParamsLogger              I No context init parameter 'org.apache.myfaces.EL_RESOLVER_COMPARATOR' found.
[05.11.2020, 22:18:46:492 CET] 00000035 org.apache.myfaces.webapp.WebConfigParamsLogger              I No context init parameter 'org.apache.myfaces.EL_RESOLVER_PREDICATE' found.
[05.11.2020, 22:18:46:492 CET] 00000035 org.apache.myfaces.webapp.WebConfigParamsLogger              I No context init parameter 'org.apache.myfaces.DEFAULT_WINDOW_MODE' found, using default value 'url'.
[05.11.2020, 22:18:46:492 CET] 00000035 org.apache.myfaces.webapp.WebConfigParamsLogger              I No context init parameter 'org.apache.myfaces.WEBSOCKET_MAX_IDLE_TIMEOUT' found, using default value '300000'.
[05.11.2020, 22:18:46:492 CET] 00000035 org.apache.myfaces.webapp.WebConfigParamsLogger              I No context init parameter 'org.apache.myfaces.RANDOM_KEY_IN_WEBSOCKET_SESSION_TOKEN' found, using default value 'none'.
[05.11.2020, 22:18:46:493 CET] 00000035 org.apache.myfaces.webapp.WebConfigParamsLogger              I No context init parameter 'org.apache.myfaces.ERROR_TEMPLATE_RESOURCE' found, using default value 'META-INF/rsc/myfaces-dev-error.xml'.
[05.11.2020, 22:18:46:493 CET] 00000035 org.apache.myfaces.webapp.WebConfigParamsLogger              I No context init parameter 'org.apache.myfaces.DEBUG_TEMPLATE_RESOURCE' found, using default value 'META-INF/rsc/myfaces-dev-debug.xml'.
[05.11.2020, 22:18:46:493 CET] 00000035 org.apache.myfaces.webapp.WebConfigParamsLogger              I No context init parameter 'org.apache.myfaces.ERROR_HANDLING' found, using default value 'false, on Development Project stage: true'.
[05.11.2020, 22:18:46:493 CET] 00000035 org.apache.myfaces.webapp.WebConfigParamsLogger              I No context init parameter 'org.apache.myfaces.AUTOCOMPLETE_OFF_VIEW_STATE' found, using default value 'true'.
[05.11.2020, 22:18:46:493 CET] 00000035 org.apache.myfaces.webapp.WebConfigParamsLogger              I No context init parameter 'org.apache.myfaces.USE_MULTIPLE_JS_FILES_FOR_JSF_UNCOMPRESSED_JS' found, using default value 'false'.
[05.11.2020, 22:18:46:493 CET] 00000035 org.apache.myfaces.webapp.WebConfigParamsLogger              I No context init parameter 'org.apache.myfaces.JSF_JS_MODE' found, using default value 'normal'.
[05.11.2020, 22:18:46:493 CET] 00000035 org.apache.myfaces.webapp.WebConfigParamsLogger              I No context init parameter 'org.apache.myfaces.TEMPORAL_RESOURCEHANDLER_CACHE_ENABLED' found, using default value 'false'.
[05.11.2020, 22:18:46:493 CET] 00000035 org.apache.myfaces.webapp.WebConfigParamsLogger              I No context init parameter 'org.apache.myfaces.SERVICE_PROVIDER_FINDER' found.
[05.11.2020, 22:18:46:493 CET] 00000035 org.apache.myfaces.webapp.WebConfigParamsLogger              I No context init parameter 'org.apache.myfaces.spi.InjectionProvider' found.
[05.11.2020, 22:18:46:494 CET] 00000035 org.apache.myfaces.webapp.WebConfigParamsLogger              I No context init parameter 'javax.faces.DISABLE_FACELET_JSF_VIEWHANDLER' found, using default value 'false'.
[05.11.2020, 22:18:46:494 CET] 00000035 org.apache.myfaces.webapp.WebConfigParamsLogger              I No context init parameter 'org.apache.myfaces.CHECK_ID_PRODUCTION_MODE' found, using default value 'auto'.
[05.11.2020, 22:18:46:494 CET] 00000035 org.apache.myfaces.webapp.WebConfigParamsLogger              I No context init parameter 'facelets.BUFFER_SIZE' found.
[05.11.2020, 22:18:46:494 CET] 00000035 org.apache.myfaces.webapp.WebConfigParamsLogger              I No context init parameter 'facelets.REFRESH_PERIOD' found, using default value '-1'.
[05.11.2020, 22:18:46:494 CET] 00000035 org.apache.myfaces.webapp.WebConfigParamsLogger              I No context init parameter 'javax.faces.FACELETS_RESOURCE_RESOLVER' found.
[05.11.2020, 22:18:46:494 CET] 00000035 org.apache.myfaces.webapp.WebConfigParamsLogger              I No context init parameter 'facelets.RESOURCE_RESOLVER' found.
[05.11.2020, 22:18:46:494 CET] 00000035 org.apache.myfaces.webapp.WebConfigParamsLogger              I No context init parameter 'org.apache.myfaces.MARK_INITIAL_STATE_WHEN_APPLY_BUILD_VIEW' found, using default value 'false'.
[05.11.2020, 22:18:46:494 CET] 00000035 org.apache.myfaces.webapp.WebConfigParamsLogger              I No context init parameter 'facelets.DECORATORS' found.
[05.11.2020, 22:18:46:494 CET] 00000035 org.apache.myfaces.webapp.WebConfigParamsLogger              I No context init parameter 'org.apache.myfaces.WRAP_TAG_EXCEPTIONS_AS_CONTEXT_AWARE' found, using default value 'true'.
[05.11.2020, 22:18:46:494 CET] 00000035 org.apache.myfaces.webapp.WebConfigParamsLogger              I No context init parameter 'org.apache.myfaces.CACHE_EL_EXPRESSIONS' found, using default value 'noCache'.
[05.11.2020, 22:18:46:494 CET] 00000035 org.apache.myfaces.webapp.WebConfigParamsLogger              I No context init parameter 'org.apache.myfaces.VIEW_POOL_MAX_POOL_SIZE' found, using default value '5'.
[05.11.2020, 22:18:46:494 CET] 00000035 org.apache.myfaces.webapp.WebConfigParamsLogger              I No context init parameter 'org.apache.myfaces.VIEW_POOL_MAX_DYNAMIC_PARTIAL_LIMIT' found, using default value '2'.
[05.11.2020, 22:18:46:495 CET] 00000035 org.apache.myfaces.webapp.WebConfigParamsLogger              I No context init parameter 'org.apache.myfaces.VIEW_POOL_ENTRY_MODE' found, using default value 'soft'.
[05.11.2020, 22:18:46:495 CET] 00000035 org.apache.myfaces.webapp.WebConfigParamsLogger              I No context init parameter 'org.apache.myfaces.VIEW_POOL_DEFERRED_NAVIGATION' found, using default value 'false'.
[05.11.2020, 22:18:46:495 CET] 00000035 org.apache.myfaces.webapp.WebConfigParamsLogger              I No context init parameter 'org.apache.myfaces.validator.BEAN_BEFORE_JSF_VALIDATION' found, using default value 'false'.
[05.11.2020, 22:18:46:495 CET] 00000035 org.apache.myfaces.webapp.WebConfigParamsLogger              I No context init parameter 'org.apache.myfaces.JSP_SUFFIX' found, using default value '.jsp'.
[05.11.2020, 22:18:46:495 CET] 00000035 org.apache.myfaces.webapp.WebConfigParamsLogger              I No context init parameter 'org.apache.myfaces.EXPRESSION_FACTORY' found.
[05.11.2020, 22:18:46:495 CET] 00000035 org.apache.myfaces.webapp.WebConfigParamsLogger              I No context init parameter 'org.apache.myfaces.INITIALIZE_ALWAYS_STANDALONE' found, using default value 'false'.
[05.11.2020, 22:18:46:495 CET] 00000035 org.apache.myfaces.webapp.WebConfigParamsLogger              I No context init parameter 'org.apache.myfaces.LOG_WEB_CONTEXT_PARAMS' found, using default value 'auto'.
[05.11.2020, 22:18:46:495 CET] 00000035 org.apache.myfaces.webapp.WebConfigParamsLogger              I No context init parameter 'org.apache.myfaces.AUTOMATIC_EXTENSIONLESS_MAPPING' found, using default value 'false'.
[05.11.2020, 22:18:46:496 CET] 00000035 org.apache.myfaces.webapp.WebConfigParamsLogger              I No context init parameter 'org.apache.myfaces.FACES_INITIALIZER' found.
[05.11.2020, 22:18:46:496 CET] 00000035 org.apache.myfaces.webapp.WebConfigParamsLogger              I No context init parameter 'org.apache.myfaces.FACES_INIT_PLUGINS' found.
[05.11.2020, 22:18:46:498 CET] 00000035 org.apache.myfaces.webapp.AbstractFacesInitializer           W 

*******************************************************************
*** WARNING: Apache MyFaces-2 is running in DEVELOPMENT mode.   ***
***                                         ^^^^^^^^^^^         ***
*** Do NOT deploy to your live server(s) without changing this. ***
*** See Application#getProjectStage() for more information.     ***
*******************************************************************

[05.11.2020, 22:18:46:498 CET] 00000035 org.apache.myfaces.webapp.StartupServletContextListener      I MyFaces Core has started, it took [1041] ms.
[05.11.2020, 22:18:46:510 CET] 00000035 com.ibm.ws.app.manager.AppMessageHelper                      A CWWKZ0001I: Aplikacja Lab3-1.0-SNAPSHOT zosta³a uruchomiona w ci¹gu 2,869 sek.
[05.11.2020, 22:18:46:543 CET] 00000022 com.ibm.ws.tcpchannel.internal.TCPPort                       E CWWKO0221E: Zainicjowanie kana³u TCP defaultHttpEndpoint nie powiod³o siê.  Powi¹zanie gniazda nie powiod³o siê dla hosta localhost i portu 9080.  Port mo¿e byæ ju¿ u¿ywany.  Komunikat wyj¹tku: Address already in use: bind
[05.11.2020, 22:18:46:548 CET] 00000022 com.ibm.ws.tcpchannel.internal.TCPChannel                    I CWWKO0220I: Dla kana³u TCP defaultHttpEndpoint zatrzymano nas³uchiwanie ¿¹dañ na hoœcie localhost (port 9080).
[05.11.2020, 22:18:46:549 CET] 00000022 com.ibm.ws.http.internal.VirtualHostImpl                     A CWWKT0017I: Usuniêta aplikacja WWW (default_host): http://localhost:9080/lab3/
[05.11.2020, 22:18:46:564 CET] 00000022 com.ibm.ws.kernel.feature.internal.FeatureManager            A CWWKF0012I: Serwer zosta³ zainstalowany z nastêpuj¹cymi sk³adnikami: [cdi-2.0, el-3.0, jaxrs-2.1, jaxrsClient-2.1, jndi-1.0, jsf-2.3, jsonb-1.0, jsonp-1.1, jsp-2.3, servlet-4.0].
[05.11.2020, 22:18:46:565 CET] 00000022 com.ibm.ws.kernel.feature.internal.FeatureManager            I CWWKF0008I: Aktualizacja sk³adnika zosta³a zakoñczona po 9,002 sek.
[05.11.2020, 22:18:46:566 CET] 00000022 com.ibm.ws.kernel.feature.internal.FeatureManager            A CWWKF0011I: Serwer defaultServer jest gotowy do dzia³ania w trybie M¹drzejszy Œwiat. Serwer defaultServer zosta³ uruchomiony w ci¹gu 21,521 sekund.
